<?xml version="1.0" encoding="UTF-8"?>
<!-- Generated by org.testng.reporters.JUnitXMLReporter -->
<testsuite ignored="0" hostname="LTIN454349" failures="0" tests="7" name="Test" time="35.635" errors="0" timestamp="2024-02-04T21:29:08 IST">
  <testcase classname="testCases.TC_001_VerifyUser" name="userVerify" time="5.842"/>
  <testcase classname="testCases.TC_002_HeadersInfo" name="getHeadersInfo" time="9.554"/>
  <testcase classname="testCases.TC_003_KeyEthicsCompliance" name="screenShot" time="0.151"/>
  <testcase classname="testCases.TC_003_KeyEthicsCompliance" name="titleCheck" time="0.01"/>
  <testcase classname="testCases.TC_003_KeyEthicsCompliance" name="keyEthicsCheck" time="2.563"/>
  <testcase classname="testCases.TC_003_KeyEthicsCompliance" name="keyEthicsComponenetsPrint" time="0.396"/>
  <testcase classname="testCases.TC_003_KeyEthicsCompliance" name="dataWrite" time="2.271"/>
</testsuite> <!-- Test -->
